<?xml version="1.0" encoding="UTF-8"?>
<testng-results skipped="0" failed="0" ignored="0" total="1" passed="1">
  <reporter-output>
  </reporter-output>
  <suite name="Default suite" duration-ms="41" started-at="2019-01-11T16:50:02Z" finished-at="2019-01-11T16:50:02Z">
    <groups>
    </groups>
    <test name="Default test" duration-ms="41" started-at="2019-01-11T16:50:02Z" finished-at="2019-01-11T16:50:02Z">
      <class name="seleniumcoaching.MavenTest1">
        <test-method status="PASS" signature="beforeMethod()[pri:0, instance:seleniumcoaching.MavenTest1@fc635cff]" name="beforeMethod" is-config="true" duration-ms="8" started-at="2019-01-11T22:20:02Z" finished-at="2019-01-11T22:20:02Z">
          <reporter-output>
          </reporter-output>
        </test-method> <!-- beforeMethod -->
        <test-method status="PASS" signature="f()[pri:0, instance:seleniumcoaching.MavenTest1@fc635cff]" name="f" duration-ms="4" started-at="2019-01-11T22:20:02Z" finished-at="2019-01-11T22:20:02Z">
          <reporter-output>
          </reporter-output>
        </test-method> <!-- f -->
        <test-method status="PASS" signature="afterMethod()[pri:0, instance:seleniumcoaching.MavenTest1@fc635cff]" name="afterMethod" is-config="true" duration-ms="0" started-at="2019-01-11T22:20:02Z" finished-at="2019-01-11T22:20:02Z">
          <reporter-output>
          </reporter-output>
        </test-method> <!-- afterMethod -->
      </class> <!-- seleniumcoaching.MavenTest1 -->
    </test> <!-- Default test -->
  </suite> <!-- Default suite -->
</testng-results>
